<?xml version="1.0" encoding="UTF-8"?>
<!-- Generated by org.testng.reporters.JUnitReportReporter -->
<testsuite hostname="APON" name="TestScripts.SampleFirefox" tests="2" failures="0" timestamp="5 Jul 2021 22:56:22 GMT" time="66.894" errors="2">
  <testcase name="firefoxTest" time="66.883" classname="TestScripts.SampleFirefox">
    <error type="org.openqa.selenium.WebDriverException" message="Failed to connect to binary FirefoxBinary(C:\Program Files\Mozilla Firefox\firefox.exe) on port 7055; process output follows: 
ures\e10srollout@mozilla.org.xpi
1625525735624	addons.xpi	DEBUG	Calling bootstrap method startup on e10srollout@mozilla.org version 1.0
1625525735624	addons.xpi	DEBUG	Registering manifest for C:\Program Files\Mozilla Firefox\browser\features\firefox@getpocket.com.xpi
1625525735624	addons.xpi	DEBUG	Calling bootstrap method startup on firefox@getpocket.com version 1.0.2
1625525735625	addons.xpi	DEBUG	Registering manifest for C:\Program Files\Mozilla Firefox\browser\features\loop@mozilla.org.xpi
1625525735626	addons.xpi	DEBUG	Calling bootstrap method startup on loop@mozilla.org version 1.3.2
1625525735640	addons.xpi	DEBUG	Registering manifest for C:\Program Files\Mozilla Firefox\browser\features\websensehelper@mozilla.org.xpi
1625525735640	addons.xpi	DEBUG	Calling bootstrap method startup on websensehelper@mozilla.org version 1.0
1625525735642	addons.manager	DEBUG	Registering shutdown blocker for XPIProvider
1625525735643	addons.manager	DEBUG	Provider finished startup: XPIProvider
1625525735643	addons.manager	DEBUG	Starting provider: LightweightThemeManager
1625525735643	addons.manager	DEBUG	Registering shutdown blocker for LightweightThemeManager
1625525735643	addons.manager	DEBUG	Provider finished startup: LightweightThemeManager
1625525735643	addons.manager	DEBUG	Starting provider: GMPProvider
1625525735648	addons.manager	DEBUG	Registering shutdown blocker for GMPProvider
1625525735648	addons.manager	DEBUG	Provider finished startup: GMPProvider
1625525735648	addons.manager	DEBUG	Starting provider: PluginProvider
1625525735648	addons.manager	DEBUG	Registering shutdown blocker for PluginProvider
1625525735648	addons.manager	DEBUG	Provider finished startup: PluginProvider
1625525735649	addons.manager	DEBUG	Completed startup sequence
[GFX1]: Potential driver version mismatch ignored due to missing DLLs 0.0.0.0 and 0.0.0.0
1625525736048	addons.manager	DEBUG	Starting provider: &lt;unnamed-provider&gt;
1625525736048	addons.manager	DEBUG	Registering shutdown blocker for &lt;unnamed-provider&gt;
1625525736048	addons.manager	DEBUG	Provider finished startup: &lt;unnamed-provider&gt;
1625525736049	DeferredSave.extensions.json	DEBUG	Starting write
1625525736324	addons.repository	DEBUG	No addons.json found.
1625525736325	DeferredSave.addons.json	DEBUG	Save changes
1625525736327	DeferredSave.addons.json	DEBUG	Starting timer
1625525736343	addons.manager	DEBUG	Starting provider: PreviousExperimentProvider
1625525736343	addons.manager	DEBUG	Registering shutdown blocker for PreviousExperimentProvider
1625525736343	addons.manager	DEBUG	Provider finished startup: PreviousExperimentProvider
1625525736345	DeferredSave.extensions.json	DEBUG	Write succeeded
1625525736345	addons.xpi-utils	DEBUG	XPI Database saved, setting schema version preference to 17
1625525736383	DeferredSave.addons.json	DEBUG	Starting write
1625525736394	DeferredSave.addons.json	DEBUG	Write succeeded
1625525747030	addons.xpi	DEBUG	Calling bootstrap method shutdown on e10srollout@mozilla.org version 1.0
1625525747030	addons.xpi	DEBUG	Calling bootstrap method shutdown on firefox@getpocket.com version 1.0.2
1625525747030	addons.xpi	DEBUG	Calling bootstrap method shutdown on loop@mozilla.org version 1.3.2
1625525747032	addons.xpi	DEBUG	Calling bootstrap method shutdown on websensehelper@mozilla.org version 1.0
1625525747212	addons.manager	DEBUG	shutdown
1625525747212	addons.manager	DEBUG	Calling shutdown blocker for XPIProvider
1625525747213	addons.xpi	DEBUG	shutdown
1625525747213	addons.xpi-utils	DEBUG	shutdown
1625525747213	addons.manager	DEBUG	Calling shutdown blocker for LightweightThemeManager
1625525747214	addons.manager	DEBUG	Calling shutdown blocker for GMPProvider
1625525747215	addons.manager	DEBUG	Calling shutdown blocker for PluginProvider
1625525747216	addons.manager	DEBUG	Calling shutdown blocker for &lt;unnamed-provider&gt;
1625525747218	addons.manager	DEBUG	Calling shutdown blocker for PreviousExperimentProvider
1625525747220	addons.xpi	DEBUG	Notifying XPI shutdown observers
1625525747224	addons.manager	DEBUG	Async provider shutdown done

Build info: version: &#039;2.53.0&#039;, revision: &#039;35ae25b&#039;, time: &#039;2016-03-15 17:00:58&#039;
System info: host: &#039;APON&#039;, ip: &#039;192.168.1.159&#039;, os.name: &#039;Windows 10&#039;, os.arch: &#039;amd64&#039;, os.version: &#039;10.0&#039;, java.version: &#039;1.8.0_291&#039;
Driver info: driver.version: FirefoxDriver">
      <![CDATA[org.openqa.selenium.WebDriverException: Failed to connect to binary FirefoxBinary(C:\Program Files\Mozilla Firefox\firefox.exe) on port 7055; process output follows: 
ures\e10srollout@mozilla.org.xpi
1625525735624	addons.xpi	DEBUG	Calling bootstrap method startup on e10srollout@mozilla.org version 1.0
1625525735624	addons.xpi	DEBUG	Registering manifest for C:\Program Files\Mozilla Firefox\browser\features\firefox@getpocket.com.xpi
1625525735624	addons.xpi	DEBUG	Calling bootstrap method startup on firefox@getpocket.com version 1.0.2
1625525735625	addons.xpi	DEBUG	Registering manifest for C:\Program Files\Mozilla Firefox\browser\features\loop@mozilla.org.xpi
1625525735626	addons.xpi	DEBUG	Calling bootstrap method startup on loop@mozilla.org version 1.3.2
1625525735640	addons.xpi	DEBUG	Registering manifest for C:\Program Files\Mozilla Firefox\browser\features\websensehelper@mozilla.org.xpi
1625525735640	addons.xpi	DEBUG	Calling bootstrap method startup on websensehelper@mozilla.org version 1.0
1625525735642	addons.manager	DEBUG	Registering shutdown blocker for XPIProvider
1625525735643	addons.manager	DEBUG	Provider finished startup: XPIProvider
1625525735643	addons.manager	DEBUG	Starting provider: LightweightThemeManager
1625525735643	addons.manager	DEBUG	Registering shutdown blocker for LightweightThemeManager
1625525735643	addons.manager	DEBUG	Provider finished startup: LightweightThemeManager
1625525735643	addons.manager	DEBUG	Starting provider: GMPProvider
1625525735648	addons.manager	DEBUG	Registering shutdown blocker for GMPProvider
1625525735648	addons.manager	DEBUG	Provider finished startup: GMPProvider
1625525735648	addons.manager	DEBUG	Starting provider: PluginProvider
1625525735648	addons.manager	DEBUG	Registering shutdown blocker for PluginProvider
1625525735648	addons.manager	DEBUG	Provider finished startup: PluginProvider
1625525735649	addons.manager	DEBUG	Completed startup sequence
[GFX1]: Potential driver version mismatch ignored due to missing DLLs 0.0.0.0 and 0.0.0.0
1625525736048	addons.manager	DEBUG	Starting provider: <unnamed-provider>
1625525736048	addons.manager	DEBUG	Registering shutdown blocker for <unnamed-provider>
1625525736048	addons.manager	DEBUG	Provider finished startup: <unnamed-provider>
1625525736049	DeferredSave.extensions.json	DEBUG	Starting write
1625525736324	addons.repository	DEBUG	No addons.json found.
1625525736325	DeferredSave.addons.json	DEBUG	Save changes
1625525736327	DeferredSave.addons.json	DEBUG	Starting timer
1625525736343	addons.manager	DEBUG	Starting provider: PreviousExperimentProvider
1625525736343	addons.manager	DEBUG	Registering shutdown blocker for PreviousExperimentProvider
1625525736343	addons.manager	DEBUG	Provider finished startup: PreviousExperimentProvider
1625525736345	DeferredSave.extensions.json	DEBUG	Write succeeded
1625525736345	addons.xpi-utils	DEBUG	XPI Database saved, setting schema version preference to 17
1625525736383	DeferredSave.addons.json	DEBUG	Starting write
1625525736394	DeferredSave.addons.json	DEBUG	Write succeeded
1625525747030	addons.xpi	DEBUG	Calling bootstrap method shutdown on e10srollout@mozilla.org version 1.0
1625525747030	addons.xpi	DEBUG	Calling bootstrap method shutdown on firefox@getpocket.com version 1.0.2
1625525747030	addons.xpi	DEBUG	Calling bootstrap method shutdown on loop@mozilla.org version 1.3.2
1625525747032	addons.xpi	DEBUG	Calling bootstrap method shutdown on websensehelper@mozilla.org version 1.0
1625525747212	addons.manager	DEBUG	shutdown
1625525747212	addons.manager	DEBUG	Calling shutdown blocker for XPIProvider
1625525747213	addons.xpi	DEBUG	shutdown
1625525747213	addons.xpi-utils	DEBUG	shutdown
1625525747213	addons.manager	DEBUG	Calling shutdown blocker for LightweightThemeManager
1625525747214	addons.manager	DEBUG	Calling shutdown blocker for GMPProvider
1625525747215	addons.manager	DEBUG	Calling shutdown blocker for PluginProvider
1625525747216	addons.manager	DEBUG	Calling shutdown blocker for <unnamed-provider>
1625525747218	addons.manager	DEBUG	Calling shutdown blocker for PreviousExperimentProvider
1625525747220	addons.xpi	DEBUG	Notifying XPI shutdown observers
1625525747224	addons.manager	DEBUG	Async provider shutdown done

Build info: version: '2.53.0', revision: '35ae25b', time: '2016-03-15 17:00:58'
System info: host: 'APON', ip: '192.168.1.159', os.name: 'Windows 10', os.arch: 'amd64', os.version: '10.0', java.version: '1.8.0_291'
Driver info: driver.version: FirefoxDriver
	at org.openqa.selenium.firefox.internal.NewProfileExtensionConnection.start(NewProfileExtensionConnection.java:124)
	at org.openqa.selenium.firefox.FirefoxDriver.startClient(FirefoxDriver.java:271)
	at org.openqa.selenium.remote.RemoteWebDriver.<init>(RemoteWebDriver.java:119)
	at org.openqa.selenium.firefox.FirefoxDriver.<init>(FirefoxDriver.java:218)
	at org.openqa.selenium.firefox.FirefoxDriver.<init>(FirefoxDriver.java:211)
	at org.openqa.selenium.firefox.FirefoxDriver.<init>(FirefoxDriver.java:207)
	at org.openqa.selenium.firefox.FirefoxDriver.<init>(FirefoxDriver.java:120)
	at TestScripts.SampleFirefox.firefoxTest(SampleFirefox.java:22)
	at sun.reflect.NativeMethodAccessorImpl.invoke0(Native Method)
	at sun.reflect.NativeMethodAccessorImpl.invoke(Unknown Source)
	at sun.reflect.DelegatingMethodAccessorImpl.invoke(Unknown Source)
	at java.lang.reflect.Method.invoke(Unknown Source)
	at org.testng.internal.MethodInvocationHelper.invokeMethod(MethodInvocationHelper.java:85)
	at org.testng.internal.Invoker.invokeMethod(Invoker.java:639)
	at org.testng.internal.Invoker.invokeTestMethod(Invoker.java:816)
	at org.testng.internal.Invoker.invokeTestMethods(Invoker.java:1124)
	at org.testng.internal.TestMethodWorker.invokeTestMethods(TestMethodWorker.java:125)
	at org.testng.internal.TestMethodWorker.run(TestMethodWorker.java:108)
	at org.testng.TestRunner.privateRun(TestRunner.java:774)
	at org.testng.TestRunner.run(TestRunner.java:624)
	at org.testng.SuiteRunner.runTest(SuiteRunner.java:359)
	at org.testng.SuiteRunner.runSequentially(SuiteRunner.java:354)
	at org.testng.SuiteRunner.privateRun(SuiteRunner.java:312)
	at org.testng.SuiteRunner.run(SuiteRunner.java:261)
	at org.testng.SuiteRunnerWorker.runSuite(SuiteRunnerWorker.java:52)
	at org.testng.SuiteRunnerWorker.run(SuiteRunnerWorker.java:86)
	at org.testng.TestNG.runSuitesSequentially(TestNG.java:1215)
	at org.testng.TestNG.runSuitesLocally(TestNG.java:1140)
	at org.testng.TestNG.run(TestNG.java:1048)
	at org.testng.remote.AbstractRemoteTestNG.run(AbstractRemoteTestNG.java:115)
	at org.testng.remote.RemoteTestNG.initAndRun(RemoteTestNG.java:251)
	at org.testng.remote.RemoteTestNG.main(RemoteTestNG.java:77)
Caused by: org.openqa.selenium.firefox.NotConnectedException: Unable to connect to host 127.0.0.1 on port 7055 after 45000 ms. Firefox console output:
ures\e10srollout@mozilla.org.xpi
1625525735624	addons.xpi	DEBUG	Calling bootstrap method startup on e10srollout@mozilla.org version 1.0
1625525735624	addons.xpi	DEBUG	Registering manifest for C:\Program Files\Mozilla Firefox\browser\features\firefox@getpocket.com.xpi
1625525735624	addons.xpi	DEBUG	Calling bootstrap method startup on firefox@getpocket.com version 1.0.2
1625525735625	addons.xpi	DEBUG	Registering manifest for C:\Program Files\Mozilla Firefox\browser\features\loop@mozilla.org.xpi
1625525735626	addons.xpi	DEBUG	Calling bootstrap method startup on loop@mozilla.org version 1.3.2
1625525735640	addons.xpi	DEBUG	Registering manifest for C:\Program Files\Mozilla Firefox\browser\features\websensehelper@mozilla.org.xpi
1625525735640	addons.xpi	DEBUG	Calling bootstrap method startup on websensehelper@mozilla.org version 1.0
1625525735642	addons.manager	DEBUG	Registering shutdown blocker for XPIProvider
1625525735643	addons.manager	DEBUG	Provider finished startup: XPIProvider
1625525735643	addons.manager	DEBUG	Starting provider: LightweightThemeManager
1625525735643	addons.manager	DEBUG	Registering shutdown blocker for LightweightThemeManager
1625525735643	addons.manager	DEBUG	Provider finished startup: LightweightThemeManager
1625525735643	addons.manager	DEBUG	Starting provider: GMPProvider
1625525735648	addons.manager	DEBUG	Registering shutdown blocker for GMPProvider
1625525735648	addons.manager	DEBUG	Provider finished startup: GMPProvider
1625525735648	addons.manager	DEBUG	Starting provider: PluginProvider
1625525735648	addons.manager	DEBUG	Registering shutdown blocker for PluginProvider
1625525735648	addons.manager	DEBUG	Provider finished startup: PluginProvider
1625525735649	addons.manager	DEBUG	Completed startup sequence
[GFX1]: Potential driver version mismatch ignored due to missing DLLs 0.0.0.0 and 0.0.0.0
1625525736048	addons.manager	DEBUG	Starting provider: <unnamed-provider>
1625525736048	addons.manager	DEBUG	Registering shutdown blocker for <unnamed-provider>
1625525736048	addons.manager	DEBUG	Provider finished startup: <unnamed-provider>
1625525736049	DeferredSave.extensions.json	DEBUG	Starting write
1625525736324	addons.repository	DEBUG	No addons.json found.
1625525736325	DeferredSave.addons.json	DEBUG	Save changes
1625525736327	DeferredSave.addons.json	DEBUG	Starting timer
1625525736343	addons.manager	DEBUG	Starting provider: PreviousExperimentProvider
1625525736343	addons.manager	DEBUG	Registering shutdown blocker for PreviousExperimentProvider
1625525736343	addons.manager	DEBUG	Provider finished startup: PreviousExperimentProvider
1625525736345	DeferredSave.extensions.json	DEBUG	Write succeeded
1625525736345	addons.xpi-utils	DEBUG	XPI Database saved, setting schema version preference to 17
1625525736383	DeferredSave.addons.json	DEBUG	Starting write
1625525736394	DeferredSave.addons.json	DEBUG	Write succeeded
1625525747030	addons.xpi	DEBUG	Calling bootstrap method shutdown on e10srollout@mozilla.org version 1.0
1625525747030	addons.xpi	DEBUG	Calling bootstrap method shutdown on firefox@getpocket.com version 1.0.2
1625525747030	addons.xpi	DEBUG	Calling bootstrap method shutdown on loop@mozilla.org version 1.3.2
1625525747032	addons.xpi	DEBUG	Calling bootstrap method shutdown on websensehelper@mozilla.org version 1.0
1625525747212	addons.manager	DEBUG	shutdown
1625525747212	addons.manager	DEBUG	Calling shutdown blocker for XPIProvider
1625525747213	addons.xpi	DEBUG	shutdown
1625525747213	addons.xpi-utils	DEBUG	shutdown
1625525747213	addons.manager	DEBUG	Calling shutdown blocker for LightweightThemeManager
1625525747214	addons.manager	DEBUG	Calling shutdown blocker for GMPProvider
1625525747215	addons.manager	DEBUG	Calling shutdown blocker for PluginProvider
1625525747216	addons.manager	DEBUG	Calling shutdown blocker for <unnamed-provider>
1625525747218	addons.manager	DEBUG	Calling shutdown blocker for PreviousExperimentProvider
1625525747220	addons.xpi	DEBUG	Notifying XPI shutdown observers
1625525747224	addons.manager	DEBUG	Async provider shutdown done

	at org.openqa.selenium.firefox.internal.NewProfileExtensionConnection.start(NewProfileExtensionConnection.java:112)
	... 31 more
]]>
    </error>
  </testcase> <!-- firefoxTest -->
  <testcase name="Login" time="0.011" classname="TestScripts.SampleFirefox">
    <error type="java.lang.NullPointerException">
      <![CDATA[java.lang.NullPointerException
	at TestScripts.SampleFirefox.Login(SampleFirefox.java:35)
	at sun.reflect.NativeMethodAccessorImpl.invoke0(Native Method)
	at sun.reflect.NativeMethodAccessorImpl.invoke(Unknown Source)
	at sun.reflect.DelegatingMethodAccessorImpl.invoke(Unknown Source)
	at java.lang.reflect.Method.invoke(Unknown Source)
	at org.testng.internal.MethodInvocationHelper.invokeMethod(MethodInvocationHelper.java:85)
	at org.testng.internal.Invoker.invokeMethod(Invoker.java:639)
	at org.testng.internal.Invoker.invokeTestMethod(Invoker.java:816)
	at org.testng.internal.Invoker.invokeTestMethods(Invoker.java:1124)
	at org.testng.internal.TestMethodWorker.invokeTestMethods(TestMethodWorker.java:125)
	at org.testng.internal.TestMethodWorker.run(TestMethodWorker.java:108)
	at org.testng.TestRunner.privateRun(TestRunner.java:774)
	at org.testng.TestRunner.run(TestRunner.java:624)
	at org.testng.SuiteRunner.runTest(SuiteRunner.java:359)
	at org.testng.SuiteRunner.runSequentially(SuiteRunner.java:354)
	at org.testng.SuiteRunner.privateRun(SuiteRunner.java:312)
	at org.testng.SuiteRunner.run(SuiteRunner.java:261)
	at org.testng.SuiteRunnerWorker.runSuite(SuiteRunnerWorker.java:52)
	at org.testng.SuiteRunnerWorker.run(SuiteRunnerWorker.java:86)
	at org.testng.TestNG.runSuitesSequentially(TestNG.java:1215)
	at org.testng.TestNG.runSuitesLocally(TestNG.java:1140)
	at org.testng.TestNG.run(TestNG.java:1048)
	at org.testng.remote.AbstractRemoteTestNG.run(AbstractRemoteTestNG.java:115)
	at org.testng.remote.RemoteTestNG.initAndRun(RemoteTestNG.java:251)
	at org.testng.remote.RemoteTestNG.main(RemoteTestNG.java:77)
]]>
    </error>
  </testcase> <!-- Login -->
</testsuite> <!-- TestScripts.SampleFirefox -->
