<?xml version="1.0" encoding="UTF-8"?>
<!-- Generated by org.testng.reporters.JUnitReportReporter -->
<testsuite skipped="0" hostname="APON" name="TestScripts.SauceDemoRegfessin" tests="5" failures="0" timestamp="2021-07-05T19:00:31 EDT" time="23.672" errors="0">
  <testcase name="LoginData" time="3.581" classname="TestScripts.SauceDemoRegfessin"/>
  <system-out/>
  <testcase name="Shopping" time="5.759" classname="TestScripts.SauceDemoRegfessin"/>
  <system-out/>
  <testcase name="ContinueShoping" time="6.795" classname="TestScripts.SauceDemoRegfessin"/>
  <system-out/>
  <testcase name="UserInformation" time="3.892" classname="TestScripts.SauceDemoRegfessin"/>
  <system-out/>
  <testcase name="TotalPrice" time="3.645" classname="TestScripts.SauceDemoRegfessin"/>
  <system-out/>
</testsuite> <!-- TestScripts.SauceDemoRegfessin -->
