<?xml version="1.0" encoding="UTF-8"?>
<!-- Generated by org.testng.reporters.JUnitXMLReporter -->
<testsuite hostname="DESKTOP-1E9O627" ignored="0" name="EdgeTest" tests="5" failures="0" timestamp="29 Jun 2021 21:13:28 GMT" time="7.631" errors="0">
  <testcase name="@BeforeTest Setup" time="0.0" classname="TestScripts.SauceDemoScripts">
    <failure type="org.openqa.selenium.WebDriverException" message="chrome not reachable
  (Session info: MicrosoftEdge=91.0.864.59)
  (Driver info: msedgedriver=91.0.864.1 (2e35af39488c9a1d2b7200b3f90a212513cb9def),platform=Windows NT 10.0.19043 x86_64) (WARNING: The server did not provide any stacktrace information)
Command duration or timeout: 4.80 seconds
Build info: version: &amp;apos;2.53.0&amp;apos;, revision: &amp;apos;35ae25b&amp;apos;, time: &amp;apos;2016-03-15 17:00:58&amp;apos;
System info: host: &amp;apos;DESKTOP-1E9O627&amp;apos;, ip: &amp;apos;192.168.1.159&amp;apos;, os.name: &amp;apos;Windows 10&amp;apos;, os.arch: &amp;apos;amd64&amp;apos;, os.version: &amp;apos;10.0&amp;apos;, java.version: &amp;apos;1.8.0_291&amp;apos;
Driver info: org.openqa.selenium.edge.EdgeDriver
Capabilities [{mobileEmulationEnabled=false, timeouts={implicit=0, pageLoad=300000, script=30000}, hasTouchScreen=false, platform=XP, acceptSslCerts=false, acceptInsecureCerts=false, webStorageEnabled=true, browserName=msedge, takesScreenshot=true, javascriptEnabled=true, ms:edgeOptions={debuggerAddress=localhost:57149}, setWindowRect=true, webauthn:extension:largeBlob=true, unexpectedAlertBehaviour=ignore, applicationCacheEnabled=false, rotatable=false, networkConnectionEnabled=false, takesHeapSnapshot=true, msedge={msedgedriverVersion=91.0.864.1 (2e35af39488c9a1d2b7200b3f90a212513cb9def), userDataDir=C:\Users\Owner\AppData\Local\Temp\scoped_dir13932_43522220}, pageLoadStrategy=normal, strictFileInteractability=false, databaseEnabled=false, handlesAlerts=true, version=91.0.864.59, browserConnectionEnabled=false, proxy={}, nativeEvents=true, locationContextEnabled=true, cssSelectorsEnabled=true, webauthn:virtualAuthenticators=true}]
Session ID: e709d340defceba8a86aef9fc26cf580">
      <![CDATA[org.openqa.selenium.WebDriverException: chrome not reachable
  (Session info: MicrosoftEdge=91.0.864.59)
  (Driver info: msedgedriver=91.0.864.1 (2e35af39488c9a1d2b7200b3f90a212513cb9def),platform=Windows NT 10.0.19043 x86_64) (WARNING: The server did not provide any stacktrace information)
Command duration or timeout: 4.80 seconds
Build info: version: '2.53.0', revision: '35ae25b', time: '2016-03-15 17:00:58'
System info: host: 'DESKTOP-1E9O627', ip: '192.168.1.159', os.name: 'Windows 10', os.arch: 'amd64', os.version: '10.0', java.version: '1.8.0_291'
Driver info: org.openqa.selenium.edge.EdgeDriver
Capabilities [{mobileEmulationEnabled=false, timeouts={implicit=0, pageLoad=300000, script=30000}, hasTouchScreen=false, platform=XP, acceptSslCerts=false, acceptInsecureCerts=false, webStorageEnabled=true, browserName=msedge, takesScreenshot=true, javascriptEnabled=true, ms:edgeOptions={debuggerAddress=localhost:57149}, setWindowRect=true, webauthn:extension:largeBlob=true, unexpectedAlertBehaviour=ignore, applicationCacheEnabled=false, rotatable=false, networkConnectionEnabled=false, takesHeapSnapshot=true, msedge={msedgedriverVersion=91.0.864.1 (2e35af39488c9a1d2b7200b3f90a212513cb9def), userDataDir=C:\Users\Owner\AppData\Local\Temp\scoped_dir13932_43522220}, pageLoadStrategy=normal, strictFileInteractability=false, databaseEnabled=false, handlesAlerts=true, version=91.0.864.59, browserConnectionEnabled=false, proxy={}, nativeEvents=true, locationContextEnabled=true, cssSelectorsEnabled=true, webauthn:virtualAuthenticators=true}]
Session ID: e709d340defceba8a86aef9fc26cf580
	at org.openqa.selenium.remote.ErrorHandler.createThrowable(ErrorHandler.java:206)
	at org.openqa.selenium.remote.ErrorHandler.throwIfResponseFailed(ErrorHandler.java:158)
	at org.openqa.selenium.remote.RemoteWebDriver.execute(RemoteWebDriver.java:678)
	at org.openqa.selenium.remote.RemoteWebDriver$RemoteWebDriverOptions$RemoteWindow.maximize(RemoteWebDriver.java:945)
	at TestScripts.SauceDemoScripts.Setup(SauceDemoScripts.java:50)
	at java.util.concurrent.FutureTask.run(Unknown Source)
	at java.util.concurrent.ThreadPoolExecutor.runWorker(Unknown Source)
	at java.util.concurrent.ThreadPoolExecutor$Worker.run(Unknown Source)
	at java.lang.Thread.run(Unknown Source)
... Removed 18 stack frames]]>
    </failure>
  </testcase> <!-- @BeforeTest Setup -->
  <testcase name="@AfterTest endTest" time="0.0" classname="TestScripts.SauceDemoScripts">
    <skipped/>
  </testcase> <!-- @AfterTest endTest -->
  <testcase name="LoginData" time="0.002" classname="TestScripts.SauceDemoScripts">
    <skipped/>
  </testcase> <!-- LoginData -->
  <testcase name="Shopping" time="0.001" classname="TestScripts.SauceDemoScripts">
    <skipped/>
  </testcase> <!-- Shopping -->
  <testcase name="ContinueShoping" time="0.002" classname="TestScripts.SauceDemoScripts">
    <skipped/>
  </testcase> <!-- ContinueShoping -->
  <testcase name="UserInformation" time="0.002" classname="TestScripts.SauceDemoScripts">
    <skipped/>
  </testcase> <!-- UserInformation -->
  <testcase name="TotalPrice" time="0.002" classname="TestScripts.SauceDemoScripts">
    <skipped/>
  </testcase> <!-- TotalPrice -->
</testsuite> <!-- EdgeTest -->
