<?xml version="1.0" encoding="UTF-8"?>
<!-- Generated by org.testng.reporters.JUnitXMLReporter -->
<testsuite hostname="DESKTOP-1E9O627" ignored="0" name="FirefoxTest" tests="5" failures="0" timestamp="29 Jun 2021 21:13:20 GMT" time="46.917" errors="0">
  <testcase name="@BeforeTest Setup" time="0.0" classname="TestScripts.SauceDemoScripts">
    <failure type="org.openqa.selenium.WebDriverException" message="Failed to connect to binary FirefoxBinary(C:\Program Files\Mozilla Firefox\firefox.exe) on port 7055; process output follows: 
ures\e10srollout@mozilla.org.xpi
1625001155609	addons.xpi	DEBUG	Calling bootstrap method startup on e10srollout@mozilla.org version 1.0
1625001155609	addons.xpi	DEBUG	Registering manifest for C:\Program Files\Mozilla Firefox\browser\features\firefox@getpocket.com.xpi
1625001155610	addons.xpi	DEBUG	Calling bootstrap method startup on firefox@getpocket.com version 1.0.2
1625001155612	addons.xpi	DEBUG	Registering manifest for C:\Program Files\Mozilla Firefox\browser\features\loop@mozilla.org.xpi
1625001155613	addons.xpi	DEBUG	Calling bootstrap method startup on loop@mozilla.org version 1.3.2
1625001155646	addons.xpi	DEBUG	Registering manifest for C:\Program Files\Mozilla Firefox\browser\features\websensehelper@mozilla.org.xpi
1625001155646	addons.xpi	DEBUG	Calling bootstrap method startup on websensehelper@mozilla.org version 1.0
1625001155656	addons.manager	DEBUG	Registering shutdown blocker for XPIProvider
1625001155656	addons.manager	DEBUG	Provider finished startup: XPIProvider
1625001155656	addons.manager	DEBUG	Starting provider: LightweightThemeManager
1625001155656	addons.manager	DEBUG	Registering shutdown blocker for LightweightThemeManager
1625001155657	addons.manager	DEBUG	Provider finished startup: LightweightThemeManager
1625001155657	addons.manager	DEBUG	Starting provider: GMPProvider
1625001155666	addons.manager	DEBUG	Registering shutdown blocker for GMPProvider
1625001155666	addons.manager	DEBUG	Provider finished startup: GMPProvider
1625001155666	addons.manager	DEBUG	Starting provider: PluginProvider
1625001155666	addons.manager	DEBUG	Registering shutdown blocker for PluginProvider
1625001155667	addons.manager	DEBUG	Provider finished startup: PluginProvider
1625001155667	addons.manager	DEBUG	Completed startup sequence
[GFX1]: Potential driver version mismatch ignored due to missing DLLs 0.0.0.0 and 0.0.0.0
1625001156535	DeferredSave.extensions.json	DEBUG	Starting write
1625001156564	addons.manager	DEBUG	Starting provider: &amp;lt;unnamed-provider&amp;gt;
1625001156564	addons.manager	DEBUG	Registering shutdown blocker for &amp;lt;unnamed-provider&amp;gt;
1625001156565	addons.manager	DEBUG	Provider finished startup: &amp;lt;unnamed-provider&amp;gt;
1625001157179	addons.repository	DEBUG	No addons.json found.
1625001157180	DeferredSave.addons.json	DEBUG	Save changes
1625001157187	DeferredSave.addons.json	DEBUG	Starting timer
1625001157261	addons.manager	DEBUG	Starting provider: PreviousExperimentProvider
1625001157261	addons.manager	DEBUG	Registering shutdown blocker for PreviousExperimentProvider
1625001157262	addons.manager	DEBUG	Provider finished startup: PreviousExperimentProvider
1625001157269	DeferredSave.extensions.json	DEBUG	Write succeeded
1625001157269	addons.xpi-utils	DEBUG	XPI Database saved, setting schema version preference to 17
1625001157271	DeferredSave.addons.json	DEBUG	Starting write
1625001157465	DeferredSave.addons.json	DEBUG	Write succeeded
1625001159730	addons.xpi	DEBUG	Calling bootstrap method shutdown on e10srollout@mozilla.org version 1.0
1625001159731	addons.xpi	DEBUG	Calling bootstrap method shutdown on firefox@getpocket.com version 1.0.2
1625001159734	addons.xpi	DEBUG	Calling bootstrap method shutdown on loop@mozilla.org version 1.3.2
1625001159737	addons.xpi	DEBUG	Calling bootstrap method shutdown on websensehelper@mozilla.org version 1.0
1625001160343	addons.manager	DEBUG	shutdown
1625001160344	addons.manager	DEBUG	Calling shutdown blocker for XPIProvider
1625001160344	addons.xpi	DEBUG	shutdown
1625001160345	addons.xpi-utils	DEBUG	shutdown
1625001160348	addons.manager	DEBUG	Calling shutdown blocker for LightweightThemeManager
1625001160350	addons.manager	DEBUG	Calling shutdown blocker for GMPProvider
1625001160359	addons.manager	DEBUG	Calling shutdown blocker for PluginProvider
1625001160360	addons.manager	DEBUG	Calling shutdown blocker for &amp;lt;unnamed-provider&amp;gt;
1625001160400	addons.manager	DEBUG	Calling shutdown blocker for PreviousExperimentProvider
1625001160424	addons.xpi	DEBUG	Notifying XPI shutdown observers
1625001160434	addons.manager	DEBUG	Async provider shutdown done

Build info: version: &amp;apos;2.53.0&amp;apos;, revision: &amp;apos;35ae25b&amp;apos;, time: &amp;apos;2016-03-15 17:00:58&amp;apos;
System info: host: &amp;apos;DESKTOP-1E9O627&amp;apos;, ip: &amp;apos;192.168.1.159&amp;apos;, os.name: &amp;apos;Windows 10&amp;apos;, os.arch: &amp;apos;amd64&amp;apos;, os.version: &amp;apos;10.0&amp;apos;, java.version: &amp;apos;1.8.0_291&amp;apos;
Driver info: driver.version: FirefoxDriver">
      <![CDATA[org.openqa.selenium.WebDriverException: Failed to connect to binary FirefoxBinary(C:\Program Files\Mozilla Firefox\firefox.exe) on port 7055; process output follows: 
ures\e10srollout@mozilla.org.xpi
1625001155609	addons.xpi	DEBUG	Calling bootstrap method startup on e10srollout@mozilla.org version 1.0
1625001155609	addons.xpi	DEBUG	Registering manifest for C:\Program Files\Mozilla Firefox\browser\features\firefox@getpocket.com.xpi
1625001155610	addons.xpi	DEBUG	Calling bootstrap method startup on firefox@getpocket.com version 1.0.2
1625001155612	addons.xpi	DEBUG	Registering manifest for C:\Program Files\Mozilla Firefox\browser\features\loop@mozilla.org.xpi
1625001155613	addons.xpi	DEBUG	Calling bootstrap method startup on loop@mozilla.org version 1.3.2
1625001155646	addons.xpi	DEBUG	Registering manifest for C:\Program Files\Mozilla Firefox\browser\features\websensehelper@mozilla.org.xpi
1625001155646	addons.xpi	DEBUG	Calling bootstrap method startup on websensehelper@mozilla.org version 1.0
1625001155656	addons.manager	DEBUG	Registering shutdown blocker for XPIProvider
1625001155656	addons.manager	DEBUG	Provider finished startup: XPIProvider
1625001155656	addons.manager	DEBUG	Starting provider: LightweightThemeManager
1625001155656	addons.manager	DEBUG	Registering shutdown blocker for LightweightThemeManager
1625001155657	addons.manager	DEBUG	Provider finished startup: LightweightThemeManager
1625001155657	addons.manager	DEBUG	Starting provider: GMPProvider
1625001155666	addons.manager	DEBUG	Registering shutdown blocker for GMPProvider
1625001155666	addons.manager	DEBUG	Provider finished startup: GMPProvider
1625001155666	addons.manager	DEBUG	Starting provider: PluginProvider
1625001155666	addons.manager	DEBUG	Registering shutdown blocker for PluginProvider
1625001155667	addons.manager	DEBUG	Provider finished startup: PluginProvider
1625001155667	addons.manager	DEBUG	Completed startup sequence
[GFX1]: Potential driver version mismatch ignored due to missing DLLs 0.0.0.0 and 0.0.0.0
1625001156535	DeferredSave.extensions.json	DEBUG	Starting write
1625001156564	addons.manager	DEBUG	Starting provider: <unnamed-provider>
1625001156564	addons.manager	DEBUG	Registering shutdown blocker for <unnamed-provider>
1625001156565	addons.manager	DEBUG	Provider finished startup: <unnamed-provider>
1625001157179	addons.repository	DEBUG	No addons.json found.
1625001157180	DeferredSave.addons.json	DEBUG	Save changes
1625001157187	DeferredSave.addons.json	DEBUG	Starting timer
1625001157261	addons.manager	DEBUG	Starting provider: PreviousExperimentProvider
1625001157261	addons.manager	DEBUG	Registering shutdown blocker for PreviousExperimentProvider
1625001157262	addons.manager	DEBUG	Provider finished startup: PreviousExperimentProvider
1625001157269	DeferredSave.extensions.json	DEBUG	Write succeeded
1625001157269	addons.xpi-utils	DEBUG	XPI Database saved, setting schema version preference to 17
1625001157271	DeferredSave.addons.json	DEBUG	Starting write
1625001157465	DeferredSave.addons.json	DEBUG	Write succeeded
1625001159730	addons.xpi	DEBUG	Calling bootstrap method shutdown on e10srollout@mozilla.org version 1.0
1625001159731	addons.xpi	DEBUG	Calling bootstrap method shutdown on firefox@getpocket.com version 1.0.2
1625001159734	addons.xpi	DEBUG	Calling bootstrap method shutdown on loop@mozilla.org version 1.3.2
1625001159737	addons.xpi	DEBUG	Calling bootstrap method shutdown on websensehelper@mozilla.org version 1.0
1625001160343	addons.manager	DEBUG	shutdown
1625001160344	addons.manager	DEBUG	Calling shutdown blocker for XPIProvider
1625001160344	addons.xpi	DEBUG	shutdown
1625001160345	addons.xpi-utils	DEBUG	shutdown
1625001160348	addons.manager	DEBUG	Calling shutdown blocker for LightweightThemeManager
1625001160350	addons.manager	DEBUG	Calling shutdown blocker for GMPProvider
1625001160359	addons.manager	DEBUG	Calling shutdown blocker for PluginProvider
1625001160360	addons.manager	DEBUG	Calling shutdown blocker for <unnamed-provider>
1625001160400	addons.manager	DEBUG	Calling shutdown blocker for PreviousExperimentProvider
1625001160424	addons.xpi	DEBUG	Notifying XPI shutdown observers
1625001160434	addons.manager	DEBUG	Async provider shutdown done

Build info: version: '2.53.0', revision: '35ae25b', time: '2016-03-15 17:00:58'
System info: host: 'DESKTOP-1E9O627', ip: '192.168.1.159', os.name: 'Windows 10', os.arch: 'amd64', os.version: '10.0', java.version: '1.8.0_291'
Driver info: driver.version: FirefoxDriver
	at org.openqa.selenium.firefox.internal.NewProfileExtensionConnection.start(NewProfileExtensionConnection.java:124)
	at org.openqa.selenium.firefox.FirefoxDriver.startClient(FirefoxDriver.java:271)
	at org.openqa.selenium.remote.RemoteWebDriver.<init>(RemoteWebDriver.java:119)
	at org.openqa.selenium.firefox.FirefoxDriver.<init>(FirefoxDriver.java:218)
	at org.openqa.selenium.firefox.FirefoxDriver.<init>(FirefoxDriver.java:211)
	at org.openqa.selenium.firefox.FirefoxDriver.<init>(FirefoxDriver.java:207)
	at org.openqa.selenium.firefox.FirefoxDriver.<init>(FirefoxDriver.java:120)
	at TestScripts.SauceDemoScripts.Setup(SauceDemoScripts.java:31)
	at java.util.concurrent.FutureTask.run(Unknown Source)
	at java.util.concurrent.ThreadPoolExecutor.runWorker(Unknown Source)
	at java.util.concurrent.ThreadPoolExecutor$Worker.run(Unknown Source)
	at java.lang.Thread.run(Unknown Source)
Caused by: org.openqa.selenium.firefox.NotConnectedException: Unable to connect to host 127.0.0.1 on port 7055 after 45000 ms. Firefox console output:
ures\e10srollout@mozilla.org.xpi
1625001155609	addons.xpi	DEBUG	Calling bootstrap method startup on e10srollout@mozilla.org version 1.0
1625001155609	addons.xpi	DEBUG	Registering manifest for C:\Program Files\Mozilla Firefox\browser\features\firefox@getpocket.com.xpi
1625001155610	addons.xpi	DEBUG	Calling bootstrap method startup on firefox@getpocket.com version 1.0.2
1625001155612	addons.xpi	DEBUG	Registering manifest for C:\Program Files\Mozilla Firefox\browser\features\loop@mozilla.org.xpi
1625001155613	addons.xpi	DEBUG	Calling bootstrap method startup on loop@mozilla.org version 1.3.2
1625001155646	addons.xpi	DEBUG	Registering manifest for C:\Program Files\Mozilla Firefox\browser\features\websensehelper@mozilla.org.xpi
1625001155646	addons.xpi	DEBUG	Calling bootstrap method startup on websensehelper@mozilla.org version 1.0
1625001155656	addons.manager	DEBUG	Registering shutdown blocker for XPIProvider
1625001155656	addons.manager	DEBUG	Provider finished startup: XPIProvider
1625001155656	addons.manager	DEBUG	Starting provider: LightweightThemeManager
1625001155656	addons.manager	DEBUG	Registering shutdown blocker for LightweightThemeManager
1625001155657	addons.manager	DEBUG	Provider finished startup: LightweightThemeManager
1625001155657	addons.manager	DEBUG	Starting provider: GMPProvider
1625001155666	addons.manager	DEBUG	Registering shutdown blocker for GMPProvider
1625001155666	addons.manager	DEBUG	Provider finished startup: GMPProvider
1625001155666	addons.manager	DEBUG	Starting provider: PluginProvider
1625001155666	addons.manager	DEBUG	Registering shutdown blocker for PluginProvider
1625001155667	addons.manager	DEBUG	Provider finished startup: PluginProvider
1625001155667	addons.manager	DEBUG	Completed startup sequence
[GFX1]: Potential driver version mismatch ignored due to missing DLLs 0.0.0.0 and 0.0.0.0
1625001156535	DeferredSave.extensions.json	DEBUG	Starting write
1625001156564	addons.manager	DEBUG	Starting provider: <unnamed-provider>
1625001156564	addons.manager	DEBUG	Registering shutdown blocker for <unnamed-provider>
1625001156565	addons.manager	DEBUG	Provider finished startup: <unnamed-provider>
1625001157179	addons.repository	DEBUG	No addons.json found.
1625001157180	DeferredSave.addons.json	DEBUG	Save changes
1625001157187	DeferredSave.addons.json	DEBUG	Starting timer
1625001157261	addons.manager	DEBUG	Starting provider: PreviousExperimentProvider
1625001157261	addons.manager	DEBUG	Registering shutdown blocker for PreviousExperimentProvider
1625001157262	addons.manager	DEBUG	Provider finished startup: PreviousExperimentProvider
1625001157269	DeferredSave.extensions.json	DEBUG	Write succeeded
1625001157269	addons.xpi-utils	DEBUG	XPI Database saved, setting schema version preference to 17
1625001157271	DeferredSave.addons.json	DEBUG	Starting write
1625001157465	DeferredSave.addons.json	DEBUG	Write succeeded
1625001159730	addons.xpi	DEBUG	Calling bootstrap method shutdown on e10srollout@mozilla.org version 1.0
1625001159731	addons.xpi	DEBUG	Calling bootstrap method shutdown on firefox@getpocket.com version 1.0.2
1625001159734	addons.xpi	DEBUG	Calling bootstrap method shutdown on loop@mozilla.org version 1.3.2
1625001159737	addons.xpi	DEBUG	Calling bootstrap method shutdown on websensehelper@mozilla.org version 1.0
1625001160343	addons.manager	DEBUG	shutdown
1625001160344	addons.manager	DEBUG	Calling shutdown blocker for XPIProvider
1625001160344	addons.xpi	DEBUG	shutdown
1625001160345	addons.xpi-utils	DEBUG	shutdown
1625001160348	addons.manager	DEBUG	Calling shutdown blocker for LightweightThemeManager
1625001160350	addons.manager	DEBUG	Calling shutdown blocker for GMPProvider
1625001160359	addons.manager	DEBUG	Calling shutdown blocker for PluginProvider
1625001160360	addons.manager	DEBUG	Calling shutdown blocker for <unnamed-provider>
1625001160400	addons.manager	DEBUG	Calling shutdown blocker for PreviousExperimentProvider
1625001160424	addons.xpi	DEBUG	Notifying XPI shutdown observers
1625001160434	addons.manager	DEBUG	Async provider shutdown done

	at org.openqa.selenium.firefox.internal.NewProfileExtensionConnection.start(NewProfileExtensionConnection.java:112)
	... 25 more
... Removed 14 stack frames]]>
    </failure>
  </testcase> <!-- @BeforeTest Setup -->
  <testcase name="@AfterTest endTest" time="0.0" classname="TestScripts.SauceDemoScripts">
    <skipped/>
  </testcase> <!-- @AfterTest endTest -->
  <testcase name="LoginData" time="0.002" classname="TestScripts.SauceDemoScripts">
    <skipped/>
  </testcase> <!-- LoginData -->
  <testcase name="Shopping" time="0.001" classname="TestScripts.SauceDemoScripts">
    <skipped/>
  </testcase> <!-- Shopping -->
  <testcase name="ContinueShoping" time="0.001" classname="TestScripts.SauceDemoScripts">
    <skipped/>
  </testcase> <!-- ContinueShoping -->
  <testcase name="UserInformation" time="0.001" classname="TestScripts.SauceDemoScripts">
    <skipped/>
  </testcase> <!-- UserInformation -->
  <testcase name="TotalPrice" time="0.001" classname="TestScripts.SauceDemoScripts">
    <skipped/>
  </testcase> <!-- TotalPrice -->
</testsuite> <!-- FirefoxTest -->
