<?xml version="1.0" encoding="UTF-8"?>
<!-- Generated by org.testng.reporters.JUnitXMLReporter -->
<testsuite hostname="DESKTOP-1E9O627" ignored="0" name="FirefoxTest2" tests="5" failures="0" timestamp="29 Jun 2021 21:14:14 GMT" time="46.686" errors="0">
  <testcase name="@BeforeTest Setup" time="0.0" classname="TestScripts.SauceDemoScripts">
    <failure type="org.openqa.selenium.WebDriverException" message="Failed to connect to binary FirefoxBinary(C:\Program Files\Mozilla Firefox\firefox.exe) on port 7055; process output follows: 
lications&amp;quot;:[{&amp;quot;id&amp;quot;:&amp;quot;{ec8030f7-c20a-464f-9b0e-13a3a9e97384}&amp;quot;,&amp;quot;minVersion&amp;quot;:&amp;quot;47.0.2&amp;quot;,&amp;quot;maxVersion&amp;quot;:&amp;quot;47.0.2&amp;quot;}],&amp;quot;targetPlatforms&amp;quot;:[],&amp;quot;seen&amp;quot;:true}
1625001210041	addons.xpi	DEBUG	getModTime: Recursive scan of {972ce4c6-7e08-4474-a285-3208198ce6fd}
1625001210047	DeferredSave.extensions.json	DEBUG	Save changes
1625001210047	addons.xpi	DEBUG	Updating database with changes to installed add-ons
1625001210048	addons.xpi-utils	DEBUG	Updating add-on states
1625001210050	addons.xpi-utils	DEBUG	Writing add-ons list
1625001210058	addons.xpi	DEBUG	Registering manifest for C:\Program Files\Mozilla Firefox\browser\features\e10srollout@mozilla.org.xpi
1625001210060	addons.xpi	DEBUG	Calling bootstrap method startup on e10srollout@mozilla.org version 1.0
1625001210060	addons.xpi	DEBUG	Registering manifest for C:\Program Files\Mozilla Firefox\browser\features\firefox@getpocket.com.xpi
1625001210062	addons.xpi	DEBUG	Calling bootstrap method startup on firefox@getpocket.com version 1.0.2
1625001210064	addons.xpi	DEBUG	Registering manifest for C:\Program Files\Mozilla Firefox\browser\features\loop@mozilla.org.xpi
1625001210066	addons.xpi	DEBUG	Calling bootstrap method startup on loop@mozilla.org version 1.3.2
1625001210113	addons.xpi	DEBUG	Registering manifest for C:\Program Files\Mozilla Firefox\browser\features\websensehelper@mozilla.org.xpi
1625001210114	addons.xpi	DEBUG	Calling bootstrap method startup on websensehelper@mozilla.org version 1.0
1625001210123	addons.manager	DEBUG	Registering shutdown blocker for XPIProvider
1625001210124	addons.manager	DEBUG	Provider finished startup: XPIProvider
1625001210124	addons.manager	DEBUG	Starting provider: LightweightThemeManager
1625001210124	addons.manager	DEBUG	Registering shutdown blocker for LightweightThemeManager
1625001210125	addons.manager	DEBUG	Provider finished startup: LightweightThemeManager
1625001210125	addons.manager	DEBUG	Starting provider: GMPProvider
1625001210138	addons.manager	DEBUG	Registering shutdown blocker for GMPProvider
1625001210139	addons.manager	DEBUG	Provider finished startup: GMPProvider
1625001210139	addons.manager	DEBUG	Starting provider: PluginProvider
1625001210139	addons.manager	DEBUG	Registering shutdown blocker for PluginProvider
1625001210140	addons.manager	DEBUG	Provider finished startup: PluginProvider
1625001210141	addons.manager	DEBUG	Completed startup sequence
[GFX1]: Potential driver version mismatch ignored due to missing DLLs 0.0.0.0 and 0.0.0.0
1625001210639	addons.manager	DEBUG	Starting provider: &amp;lt;unnamed-provider&amp;gt;
1625001210639	addons.manager	DEBUG	Registering shutdown blocker for &amp;lt;unnamed-provider&amp;gt;
1625001210640	addons.manager	DEBUG	Provider finished startup: &amp;lt;unnamed-provider&amp;gt;
1625001211080	DeferredSave.extensions.json	DEBUG	Write succeeded
1625001211081	addons.xpi-utils	DEBUG	XPI Database saved, setting schema version preference to 17
1625001211081	DeferredSave.extensions.json	DEBUG	Starting timer
1625001211113	DeferredSave.extensions.json	DEBUG	Starting write
1625001211161	addons.repository	DEBUG	No addons.json found.
1625001211162	DeferredSave.addons.json	DEBUG	Save changes
1625001211168	DeferredSave.addons.json	DEBUG	Starting timer
1625001211222	addons.manager	DEBUG	Starting provider: PreviousExperimentProvider
1625001211222	addons.manager	DEBUG	Registering shutdown blocker for PreviousExperimentProvider
1625001211223	addons.manager	DEBUG	Provider finished startup: PreviousExperimentProvider
1625001211233	DeferredSave.addons.json	DEBUG	Starting write
1625001211237	DeferredSave.extensions.json	DEBUG	Write succeeded
1625001211267	DeferredSave.addons.json	DEBUG	Write succeeded
JavaScript error: resource://gre/components/nsUrlClassifierListManager.js, line 79: NS_ERROR_XPC_GS_RETURNED_FAILURE: Component returned failure code: 0x80570016 (NS_ERROR_XPC_GS_RETURNED_FAILURE) [nsIJSCID.getService]
JavaScript error: resource://gre/components/nsUrlClassifierListManager.js, line 79: NS_ERROR_XPC_GS_RETURNED_FAILURE: Component returned failure code: 0x80570016 (NS_ERROR_XPC_GS_RETURNED_FAILURE) [nsIJSCID.getService]

Build info: version: &amp;apos;2.53.0&amp;apos;, revision: &amp;apos;35ae25b&amp;apos;, time: &amp;apos;2016-03-15 17:00:58&amp;apos;
System info: host: &amp;apos;DESKTOP-1E9O627&amp;apos;, ip: &amp;apos;192.168.1.159&amp;apos;, os.name: &amp;apos;Windows 10&amp;apos;, os.arch: &amp;apos;amd64&amp;apos;, os.version: &amp;apos;10.0&amp;apos;, java.version: &amp;apos;1.8.0_291&amp;apos;
Driver info: driver.version: FirefoxDriver">
      <![CDATA[org.openqa.selenium.WebDriverException: Failed to connect to binary FirefoxBinary(C:\Program Files\Mozilla Firefox\firefox.exe) on port 7055; process output follows: 
lications":[{"id":"{ec8030f7-c20a-464f-9b0e-13a3a9e97384}","minVersion":"47.0.2","maxVersion":"47.0.2"}],"targetPlatforms":[],"seen":true}
1625001210041	addons.xpi	DEBUG	getModTime: Recursive scan of {972ce4c6-7e08-4474-a285-3208198ce6fd}
1625001210047	DeferredSave.extensions.json	DEBUG	Save changes
1625001210047	addons.xpi	DEBUG	Updating database with changes to installed add-ons
1625001210048	addons.xpi-utils	DEBUG	Updating add-on states
1625001210050	addons.xpi-utils	DEBUG	Writing add-ons list
1625001210058	addons.xpi	DEBUG	Registering manifest for C:\Program Files\Mozilla Firefox\browser\features\e10srollout@mozilla.org.xpi
1625001210060	addons.xpi	DEBUG	Calling bootstrap method startup on e10srollout@mozilla.org version 1.0
1625001210060	addons.xpi	DEBUG	Registering manifest for C:\Program Files\Mozilla Firefox\browser\features\firefox@getpocket.com.xpi
1625001210062	addons.xpi	DEBUG	Calling bootstrap method startup on firefox@getpocket.com version 1.0.2
1625001210064	addons.xpi	DEBUG	Registering manifest for C:\Program Files\Mozilla Firefox\browser\features\loop@mozilla.org.xpi
1625001210066	addons.xpi	DEBUG	Calling bootstrap method startup on loop@mozilla.org version 1.3.2
1625001210113	addons.xpi	DEBUG	Registering manifest for C:\Program Files\Mozilla Firefox\browser\features\websensehelper@mozilla.org.xpi
1625001210114	addons.xpi	DEBUG	Calling bootstrap method startup on websensehelper@mozilla.org version 1.0
1625001210123	addons.manager	DEBUG	Registering shutdown blocker for XPIProvider
1625001210124	addons.manager	DEBUG	Provider finished startup: XPIProvider
1625001210124	addons.manager	DEBUG	Starting provider: LightweightThemeManager
1625001210124	addons.manager	DEBUG	Registering shutdown blocker for LightweightThemeManager
1625001210125	addons.manager	DEBUG	Provider finished startup: LightweightThemeManager
1625001210125	addons.manager	DEBUG	Starting provider: GMPProvider
1625001210138	addons.manager	DEBUG	Registering shutdown blocker for GMPProvider
1625001210139	addons.manager	DEBUG	Provider finished startup: GMPProvider
1625001210139	addons.manager	DEBUG	Starting provider: PluginProvider
1625001210139	addons.manager	DEBUG	Registering shutdown blocker for PluginProvider
1625001210140	addons.manager	DEBUG	Provider finished startup: PluginProvider
1625001210141	addons.manager	DEBUG	Completed startup sequence
[GFX1]: Potential driver version mismatch ignored due to missing DLLs 0.0.0.0 and 0.0.0.0
1625001210639	addons.manager	DEBUG	Starting provider: <unnamed-provider>
1625001210639	addons.manager	DEBUG	Registering shutdown blocker for <unnamed-provider>
1625001210640	addons.manager	DEBUG	Provider finished startup: <unnamed-provider>
1625001211080	DeferredSave.extensions.json	DEBUG	Write succeeded
1625001211081	addons.xpi-utils	DEBUG	XPI Database saved, setting schema version preference to 17
1625001211081	DeferredSave.extensions.json	DEBUG	Starting timer
1625001211113	DeferredSave.extensions.json	DEBUG	Starting write
1625001211161	addons.repository	DEBUG	No addons.json found.
1625001211162	DeferredSave.addons.json	DEBUG	Save changes
1625001211168	DeferredSave.addons.json	DEBUG	Starting timer
1625001211222	addons.manager	DEBUG	Starting provider: PreviousExperimentProvider
1625001211222	addons.manager	DEBUG	Registering shutdown blocker for PreviousExperimentProvider
1625001211223	addons.manager	DEBUG	Provider finished startup: PreviousExperimentProvider
1625001211233	DeferredSave.addons.json	DEBUG	Starting write
1625001211237	DeferredSave.extensions.json	DEBUG	Write succeeded
1625001211267	DeferredSave.addons.json	DEBUG	Write succeeded
JavaScript error: resource://gre/components/nsUrlClassifierListManager.js, line 79: NS_ERROR_XPC_GS_RETURNED_FAILURE: Component returned failure code: 0x80570016 (NS_ERROR_XPC_GS_RETURNED_FAILURE) [nsIJSCID.getService]
JavaScript error: resource://gre/components/nsUrlClassifierListManager.js, line 79: NS_ERROR_XPC_GS_RETURNED_FAILURE: Component returned failure code: 0x80570016 (NS_ERROR_XPC_GS_RETURNED_FAILURE) [nsIJSCID.getService]

Build info: version: '2.53.0', revision: '35ae25b', time: '2016-03-15 17:00:58'
System info: host: 'DESKTOP-1E9O627', ip: '192.168.1.159', os.name: 'Windows 10', os.arch: 'amd64', os.version: '10.0', java.version: '1.8.0_291'
Driver info: driver.version: FirefoxDriver
	at org.openqa.selenium.firefox.internal.NewProfileExtensionConnection.start(NewProfileExtensionConnection.java:124)
	at org.openqa.selenium.firefox.FirefoxDriver.startClient(FirefoxDriver.java:271)
	at org.openqa.selenium.remote.RemoteWebDriver.<init>(RemoteWebDriver.java:119)
	at org.openqa.selenium.firefox.FirefoxDriver.<init>(FirefoxDriver.java:218)
	at org.openqa.selenium.firefox.FirefoxDriver.<init>(FirefoxDriver.java:211)
	at org.openqa.selenium.firefox.FirefoxDriver.<init>(FirefoxDriver.java:207)
	at org.openqa.selenium.firefox.FirefoxDriver.<init>(FirefoxDriver.java:120)
	at TestScripts.SauceDemoScripts.Setup(SauceDemoScripts.java:31)
	at java.util.concurrent.FutureTask.run(Unknown Source)
	at java.util.concurrent.ThreadPoolExecutor.runWorker(Unknown Source)
	at java.util.concurrent.ThreadPoolExecutor$Worker.run(Unknown Source)
	at java.lang.Thread.run(Unknown Source)
Caused by: org.openqa.selenium.firefox.NotConnectedException: Unable to connect to host 127.0.0.1 on port 7055 after 45000 ms. Firefox console output:
lications":[{"id":"{ec8030f7-c20a-464f-9b0e-13a3a9e97384}","minVersion":"47.0.2","maxVersion":"47.0.2"}],"targetPlatforms":[],"seen":true}
1625001210041	addons.xpi	DEBUG	getModTime: Recursive scan of {972ce4c6-7e08-4474-a285-3208198ce6fd}
1625001210047	DeferredSave.extensions.json	DEBUG	Save changes
1625001210047	addons.xpi	DEBUG	Updating database with changes to installed add-ons
1625001210048	addons.xpi-utils	DEBUG	Updating add-on states
1625001210050	addons.xpi-utils	DEBUG	Writing add-ons list
1625001210058	addons.xpi	DEBUG	Registering manifest for C:\Program Files\Mozilla Firefox\browser\features\e10srollout@mozilla.org.xpi
1625001210060	addons.xpi	DEBUG	Calling bootstrap method startup on e10srollout@mozilla.org version 1.0
1625001210060	addons.xpi	DEBUG	Registering manifest for C:\Program Files\Mozilla Firefox\browser\features\firefox@getpocket.com.xpi
1625001210062	addons.xpi	DEBUG	Calling bootstrap method startup on firefox@getpocket.com version 1.0.2
1625001210064	addons.xpi	DEBUG	Registering manifest for C:\Program Files\Mozilla Firefox\browser\features\loop@mozilla.org.xpi
1625001210066	addons.xpi	DEBUG	Calling bootstrap method startup on loop@mozilla.org version 1.3.2
1625001210113	addons.xpi	DEBUG	Registering manifest for C:\Program Files\Mozilla Firefox\browser\features\websensehelper@mozilla.org.xpi
1625001210114	addons.xpi	DEBUG	Calling bootstrap method startup on websensehelper@mozilla.org version 1.0
1625001210123	addons.manager	DEBUG	Registering shutdown blocker for XPIProvider
1625001210124	addons.manager	DEBUG	Provider finished startup: XPIProvider
1625001210124	addons.manager	DEBUG	Starting provider: LightweightThemeManager
1625001210124	addons.manager	DEBUG	Registering shutdown blocker for LightweightThemeManager
1625001210125	addons.manager	DEBUG	Provider finished startup: LightweightThemeManager
1625001210125	addons.manager	DEBUG	Starting provider: GMPProvider
1625001210138	addons.manager	DEBUG	Registering shutdown blocker for GMPProvider
1625001210139	addons.manager	DEBUG	Provider finished startup: GMPProvider
1625001210139	addons.manager	DEBUG	Starting provider: PluginProvider
1625001210139	addons.manager	DEBUG	Registering shutdown blocker for PluginProvider
1625001210140	addons.manager	DEBUG	Provider finished startup: PluginProvider
1625001210141	addons.manager	DEBUG	Completed startup sequence
[GFX1]: Potential driver version mismatch ignored due to missing DLLs 0.0.0.0 and 0.0.0.0
1625001210639	addons.manager	DEBUG	Starting provider: <unnamed-provider>
1625001210639	addons.manager	DEBUG	Registering shutdown blocker for <unnamed-provider>
1625001210640	addons.manager	DEBUG	Provider finished startup: <unnamed-provider>
1625001211080	DeferredSave.extensions.json	DEBUG	Write succeeded
1625001211081	addons.xpi-utils	DEBUG	XPI Database saved, setting schema version preference to 17
1625001211081	DeferredSave.extensions.json	DEBUG	Starting timer
1625001211113	DeferredSave.extensions.json	DEBUG	Starting write
1625001211161	addons.repository	DEBUG	No addons.json found.
1625001211162	DeferredSave.addons.json	DEBUG	Save changes
1625001211168	DeferredSave.addons.json	DEBUG	Starting timer
1625001211222	addons.manager	DEBUG	Starting provider: PreviousExperimentProvider
1625001211222	addons.manager	DEBUG	Registering shutdown blocker for PreviousExperimentProvider
1625001211223	addons.manager	DEBUG	Provider finished startup: PreviousExperimentProvider
1625001211233	DeferredSave.addons.json	DEBUG	Starting write
1625001211237	DeferredSave.extensions.json	DEBUG	Write succeeded
1625001211267	DeferredSave.addons.json	DEBUG	Write succeeded
JavaScript error: resource://gre/components/nsUrlClassifierListManager.js, line 79: NS_ERROR_XPC_GS_RETURNED_FAILURE: Component returned failure code: 0x80570016 (NS_ERROR_XPC_GS_RETURNED_FAILURE) [nsIJSCID.getService]
JavaScript error: resource://gre/components/nsUrlClassifierListManager.js, line 79: NS_ERROR_XPC_GS_RETURNED_FAILURE: Component returned failure code: 0x80570016 (NS_ERROR_XPC_GS_RETURNED_FAILURE) [nsIJSCID.getService]

	at org.openqa.selenium.firefox.internal.NewProfileExtensionConnection.start(NewProfileExtensionConnection.java:112)
	... 25 more
... Removed 14 stack frames]]>
    </failure>
  </testcase> <!-- @BeforeTest Setup -->
  <testcase name="@AfterTest endTest" time="0.0" classname="TestScripts.SauceDemoScripts">
    <skipped/>
  </testcase> <!-- @AfterTest endTest -->
  <testcase name="LoginData" time="0.001" classname="TestScripts.SauceDemoScripts">
    <skipped/>
  </testcase> <!-- LoginData -->
  <testcase name="Shopping" time="0.002" classname="TestScripts.SauceDemoScripts">
    <skipped/>
  </testcase> <!-- Shopping -->
  <testcase name="ContinueShoping" time="0.0" classname="TestScripts.SauceDemoScripts">
    <skipped/>
  </testcase> <!-- ContinueShoping -->
  <testcase name="UserInformation" time="0.0" classname="TestScripts.SauceDemoScripts">
    <skipped/>
  </testcase> <!-- UserInformation -->
  <testcase name="TotalPrice" time="0.0" classname="TestScripts.SauceDemoScripts">
    <skipped/>
  </testcase> <!-- TotalPrice -->
</testsuite> <!-- FirefoxTest2 -->
