<?xml version="1.0" encoding="UTF-8"?>
<!-- Generated by org.testng.reporters.JUnitXMLReporter -->
<testsuite hostname="APON" ignored="0" name="Regression Test" tests="5" failures="0" timestamp="2021-07-05T19:00:31 EDT" time="27.429" errors="0">
  <testcase name="LoginData" time="3.581" classname="TestScripts.SauceDemoRegfessin"/>
  <testcase name="Shopping" time="5.759" classname="TestScripts.SauceDemoRegfessin"/>
  <testcase name="ContinueShoping" time="6.795" classname="TestScripts.SauceDemoRegfessin"/>
  <testcase name="UserInformation" time="3.892" classname="TestScripts.SauceDemoRegfessin"/>
  <testcase name="TotalPrice" time="3.645" classname="TestScripts.SauceDemoRegfessin"/>
</testsuite> <!-- Regression Test -->
