<?xml version="1.0" encoding="UTF-8"?>
<!-- Generated by org.testng.reporters.JUnitReportReporter -->
<testsuite skipped="0" hostname="APON" name="SauceDemo_Scripts.SauceDemoRegfessin" tests="5" failures="0" timestamp="2021-07-10T02:23:25 EDT" time="23.807" errors="0">
  <testcase name="LoginData" time="3.560" classname="SauceDemo_Scripts.SauceDemoRegfessin"/>
  <system-out/>
  <testcase name="Shopping" time="5.868" classname="SauceDemo_Scripts.SauceDemoRegfessin"/>
  <system-out/>
  <testcase name="ContinueShoping" time="6.858" classname="SauceDemo_Scripts.SauceDemoRegfessin"/>
  <system-out/>
  <testcase name="UserInformation" time="3.771" classname="SauceDemo_Scripts.SauceDemoRegfessin"/>
  <system-out/>
  <testcase name="TotalPrice" time="3.750" classname="SauceDemo_Scripts.SauceDemoRegfessin"/>
  <system-out/>
</testsuite> <!-- SauceDemo_Scripts.SauceDemoRegfessin -->
