<?xml version="1.0" encoding="UTF-8"?>
<!-- Generated by org.testng.reporters.JUnitReportReporter -->
<testsuite skipped="0" hostname="APON" name="SauceDemo_Scripts.SauceDemoScripts" tests="5" failures="0" timestamp="2021-07-10T02:22:51 EDT" time="23.738" errors="0">
  <testcase name="LoginData" time="3.570" classname="SauceDemo_Scripts.SauceDemoScripts"/>
  <system-out/>
  <testcase name="Shopping" time="5.763" classname="SauceDemo_Scripts.SauceDemoScripts"/>
  <system-out/>
  <testcase name="ContinueShoping" time="6.910" classname="SauceDemo_Scripts.SauceDemoScripts"/>
  <system-out/>
  <testcase name="UserInformation" time="3.812" classname="SauceDemo_Scripts.SauceDemoScripts"/>
  <system-out/>
  <testcase name="TotalPrice" time="3.683" classname="SauceDemo_Scripts.SauceDemoScripts"/>
  <system-out/>
</testsuite> <!-- SauceDemo_Scripts.SauceDemoScripts -->
