<?xml version="1.0" encoding="UTF-8"?>
<!-- Generated by org.testng.reporters.JUnitXMLReporter -->
<testsuite hostname="APON" ignored="0" name="Default test" tests="5" failures="0" timestamp="2021-07-15T19:17:32 EDT" time="0.07" errors="0">
  <testcase name="@BeforeTest Setup" time="-1.626391052609E9" classname="SauceDemo_Scripts.SauceDemoScripts">
    <failure type="org.testng.TestNGException" message="
Parameter &amp;apos;browser&amp;apos; is required by BeforeTest on method Setup but has not been marked @Optional or defined
in C:\Users\Owner\AppData\Local\Temp\testng-eclipse-328893320\testng-customsuite.xml">
      <![CDATA[org.testng.TestNGException: 
Parameter 'browser' is required by BeforeTest on method Setup but has not been marked @Optional or defined
in C:\Users\Owner\AppData\Local\Temp\testng-eclipse-328893320\testng-customsuite.xml
at org.testng.internal.Parameters.createParams(Parameters.java:270)
at org.testng.internal.Parameters.createParametersForMethod(Parameters.java:358)
at org.testng.internal.Parameters.createParameters(Parameters.java:700)
at org.testng.internal.Parameters.createConfigurationParameters(Parameters.java:168)
at org.testng.internal.ConfigInvoker.invokeConfigurations(ConfigInvoker.java:302)
at org.testng.TestRunner.invokeTestConfigurations(TestRunner.java:637)
at org.testng.TestRunner.beforeRun(TestRunner.java:627)
at org.testng.TestRunner.run(TestRunner.java:589)
at org.testng.SuiteRunner.runTest(SuiteRunner.java:377)
at org.testng.SuiteRunner.runSequentially(SuiteRunner.java:371)
at org.testng.SuiteRunner.privateRun(SuiteRunner.java:332)
at org.testng.SuiteRunner.run(SuiteRunner.java:276)
at org.testng.SuiteRunnerWorker.runSuite(SuiteRunnerWorker.java:53)
at org.testng.SuiteRunnerWorker.run(SuiteRunnerWorker.java:96)
at org.testng.TestNG.runSuitesSequentially(TestNG.java:1212)
at org.testng.TestNG.runSuitesLocally(TestNG.java:1134)
at org.testng.TestNG.runSuites(TestNG.java:1063)
at org.testng.TestNG.run(TestNG.java:1031)
at org.testng.remote.AbstractRemoteTestNG.run(AbstractRemoteTestNG.java:115)
at org.testng.remote.RemoteTestNG.initAndRun(RemoteTestNG.java:251)
at org.testng.remote.RemoteTestNG.main(RemoteTestNG.java:77)
]]>
    </failure>
  </testcase> <!-- @BeforeTest Setup -->
  <testcase name="@AfterTest endTest" time="-1.626391052664E9" classname="SauceDemo_Scripts.SauceDemoScripts">
    <skipped/>
  </testcase> <!-- @AfterTest endTest -->
  <testcase name="LoginData" time="0.0" classname="SauceDemo_Scripts.SauceDemoScripts">
    <skipped/>
  </testcase> <!-- LoginData -->
  <testcase name="Shopping" time="0.0" classname="SauceDemo_Scripts.SauceDemoScripts">
    <skipped/>
  </testcase> <!-- Shopping -->
  <testcase name="ContinueShoping" time="0.0" classname="SauceDemo_Scripts.SauceDemoScripts">
    <skipped/>
  </testcase> <!-- ContinueShoping -->
  <testcase name="UserInformation" time="0.0" classname="SauceDemo_Scripts.SauceDemoScripts">
    <skipped/>
  </testcase> <!-- UserInformation -->
  <testcase name="TotalPrice" time="0.0" classname="SauceDemo_Scripts.SauceDemoScripts">
    <skipped/>
  </testcase> <!-- TotalPrice -->
</testsuite> <!-- Default test -->
